# JRE version: Java(TM) SE Runtime Environment (8.0_92-b14) (build 1.8.0_92-b14)
# Java VM: Java HotSpot(TM) 64-Bit Server VM (25.92-b14 mixed mode linux-amd64 compressed oops)
Heap:
 PSYoungGen      total 69632K, used 19642K [0x00000000eab00000, 0x00000000efe80000, 0x0000000100000000)
  eden space 58880K, 20% used [0x00000000eab00000,0x00000000eb6cc278,0x00000000ee480000)
  from space 10752K, 70% used [0x00000000ef400000,0x00000000efb62710,0x00000000efe80000)
  to   space 13312K, 0% used [0x00000000ee480000,0x00000000ee480000,0x00000000ef180000)
 ParOldGen       total 97280K, used 91196K [0x00000000c0000000, 0x00000000c5f00000, 0x00000000eab00000)
  object space 97280K, 93% used [0x00000000c0000000,0x00000000c590f3d8,0x00000000c5f00000)
 Metaspace       used 100490K, capacity 110758K, committed 110996K, reserved 1144832K
  class space    used 12224K, capacity 15214K, committed 15252K, reserved 1048576K
GC Heap History (10 events):
Event: 4182.846 GC heap before
{Heap before GC invocations=62 (full 4):
 PSYoungGen      total 76800K, used 76640K [0x00000000eab00000, 0x00000000f0a80000, 0x0000000100000000)
  eden space 69120K, 100% used [0x00000000eab00000,0x00000000eee80000,0x00000000eee80000)
  from space 7680K, 97% used [0x00000000ef080000,0x00000000ef7d8000,0x00000000ef800000)
  to   space 14336K, 0% used [0x00000000efc80000,0x00000000efc80000,0x00000000f0a80000)
 ParOldGen       total 97280K, used 88468K [0x00000000c0000000, 0x00000000c5f00000, 0x00000000eab00000)
  object space 97280K, 90% used [0x00000000c0000000,0x00000000c56653d8,0x00000000c5f00000)
 Metaspace       used 99320K, capacity 109484K, committed 109844K, reserved 1144832K
  class space    used 12040K, capacity 15016K, committed 15124K, reserved 1048576K
Event: 4182.860 GC heap after
Heap after GC invocations=62 (full 4):
 PSYoungGen      total 79360K, used 7168K [0x00000000eab00000, 0x00000000f0880000, 0x0000000100000000)
  eden space 67072K, 0% used [0x00000000eab00000,0x00000000eab00000,0x00000000eec80000)
  from space 12288K, 58% used [0x00000000efc80000,0x00000000f0380000,0x00000000f0880000)
  to   space 14336K, 0% used [0x00000000eec80000,0x00000000eec80000,0x00000000efa80000)
 ParOldGen       total 97280K, used 89060K [0x00000000c0000000, 0x00000000c5f00000, 0x00000000eab00000)
  object space 97280K, 91% used [0x00000000c0000000,0x00000000c56f93d8,0x00000000c5f00000)
 Metaspace       used 99320K, capacity 109484K, committed 109844K, reserved 1144832K
  class space    used 12040K, capacity 15016K, committed 15124K, reserved 1048576K
}
Event: 4227.294 GC heap before
{Heap before GC invocations=63 (full 4):
 PSYoungGen      total 79360K, used 74240K [0x00000000eab00000, 0x00000000f0880000, 0x0000000100000000)
  eden space 67072K, 100% used [0x00000000eab00000,0x00000000eec80000,0x00000000eec80000)
  from space 12288K, 58% used [0x00000000efc80000,0x00000000f0380000,0x00000000f0880000)
  to   space 14336K, 0% used [0x00000000eec80000,0x00000000eec80000,0x00000000efa80000)
 ParOldGen       total 97280K, used 89060K [0x00000000c0000000, 0x00000000c5f00000, 0x00000000eab00000)
  object space 97280K, 91% used [0x00000000c0000000,0x00000000c56f93d8,0x00000000c5f00000)
 Metaspace       used 99342K, capacity 109484K, committed 109844K, reserved 1144832K
  class space    used 12040K, capacity 15016K, committed 15124K, reserved 1048576K
Event: 4227.302 GC heap after
Heap after GC invocations=63 (full 4):
 PSYoungGen      total 72192K, used 6720K [0x00000000eab00000, 0x00000000f0680000, 0x0000000100000000)
  eden space 65024K, 0% used [0x00000000eab00000,0x00000000eab00000,0x00000000eea80000)
  from space 7168K, 93% used [0x00000000eec80000,0x00000000ef310000,0x00000000ef380000)
  to   space 14336K, 0% used [0x00000000ef880000,0x00000000ef880000,0x00000000f0680000)
 ParOldGen       total 97280K, used 89812K [0x00000000c0000000, 0x00000000c5f00000, 0x00000000eab00000)
  object space 97280K, 92% used [0x00000000c0000000,0x00000000c57b53d8,0x00000000c5f00000)
 Metaspace       used 99342K, capacity 109484K, committed 109844K, reserved 1144832K
  class space    used 12040K, capacity 15016K, committed 15124K, reserved 1048576K
}
Event: 4260.711 GC heap before
{Heap before GC invocations=64 (full 4):
 PSYoungGen      total 72192K, used 71744K [0x00000000eab00000, 0x00000000f0680000, 0x0000000100000000)
  eden space 65024K, 100% used [0x00000000eab00000,0x00000000eea80000,0x00000000eea80000)
  from space 7168K, 93% used [0x00000000eec80000,0x00000000ef310000,0x00000000ef380000)
  to   space 14336K, 0% used [0x00000000ef880000,0x00000000ef880000,0x00000000f0680000)
 ParOldGen       total 97280K, used 89812K [0x00000000c0000000, 0x00000000c5f00000, 0x00000000eab00000)
  object space 97280K, 92% used [0x00000000c0000000,0x00000000c57b53d8,0x00000000c5f00000)
 Metaspace       used 99351K, capacity 109484K, committed 109844K, reserved 1144832K
  class space    used 12040K, capacity 15016K, committed 15124K, reserved 1048576K
Event: 4260.720 GC heap after
Heap after GC invocations=64 (full 4):
 PSYoungGen      total 74240K, used 6624K [0x00000000eab00000, 0x00000000f0380000, 0x0000000100000000)
  eden space 62976K, 0% used [0x00000000eab00000,0x00000000eab00000,0x00000000ee880000)
  from space 11264K, 58% used [0x00000000ef880000,0x00000000efef8000,0x00000000f0380000)
  to   space 13824K, 0% used [0x00000000ee880000,0x00000000ee880000,0x00000000ef600000)
 ParOldGen       total 97280K, used 90180K [0x00000000c0000000, 0x00000000c5f00000, 0x00000000eab00000)
  object space 97280K, 92% used [0x00000000c0000000,0x00000000c58113d8,0x00000000c5f00000)
 Metaspace       used 99351K, capacity 109484K, committed 109844K, reserved 1144832K
  class space    used 12040K, capacity 15016K, committed 15124K, reserved 1048576K
}
Event: 4279.330 GC heap before
{Heap before GC invocations=65 (full 4):
 PSYoungGen      total 74240K, used 69600K [0x00000000eab00000, 0x00000000f0380000, 0x0000000100000000)
  eden space 62976K, 100% used [0x00000000eab00000,0x00000000ee880000,0x00000000ee880000)
  from space 11264K, 58% used [0x00000000ef880000,0x00000000efef8000,0x00000000f0380000)
  to   space 13824K, 0% used [0x00000000ee880000,0x00000000ee880000,0x00000000ef600000)
 ParOldGen       total 97280K, used 90180K [0x00000000c0000000, 0x00000000c5f00000, 0x00000000eab00000)
  object space 97280K, 92% used [0x00000000c0000000,0x00000000c58113d8,0x00000000c5f00000)
 Metaspace       used 99374K, capacity 109484K, committed 109844K, reserved 1144832K
  class space    used 12041K, capacity 15016K, committed 15124K, reserved 1048576K
Event: 4279.334 GC heap after
Heap after GC invocations=65 (full 4):
 PSYoungGen      total 67584K, used 6560K [0x00000000eab00000, 0x00000000f0180000, 0x0000000100000000)
  eden space 60928K, 0% used [0x00000000eab00000,0x00000000eab00000,0x00000000ee680000)
  from space 6656K, 98% used [0x00000000ee880000,0x00000000eeee8000,0x00000000eef00000)
  to   space 13824K, 0% used [0x00000000ef400000,0x00000000ef400000,0x00000000f0180000)
 ParOldGen       total 97280K, used 90652K [0x00000000c0000000, 0x00000000c5f00000, 0x00000000eab00000)
  object space 97280K, 93% used [0x00000000c0000000,0x00000000c58873d8,0x00000000c5f00000)
 Metaspace       used 99374K, capacity 109484K, committed 109844K, reserved 1144832K
  class space    used 12041K, capacity 15016K, committed 15124K, reserved 1048576K
}
Event: 4290.820 GC heap before
{Heap before GC invocations=66 (full 4):
 PSYoungGen      total 67584K, used 67488K [0x00000000eab00000, 0x00000000f0180000, 0x0000000100000000)
  eden space 60928K, 100% used [0x00000000eab00000,0x00000000ee680000,0x00000000ee680000)
  from space 6656K, 98% used [0x00000000ee880000,0x00000000eeee8000,0x00000000eef00000)
  to   space 13824K, 0% used [0x00000000ef400000,0x00000000ef400000,0x00000000f0180000)
 ParOldGen       total 97280K, used 90652K [0x00000000c0000000, 0x00000000c5f00000, 0x00000000eab00000)
  object space 97280K, 93% used [0x00000000c0000000,0x00000000c58873d8,0x00000000c5f00000)
 Metaspace       used 100336K, capacity 110694K, committed 110996K, reserved 1144832K
  class space    used 12204K, capacity 15214K, committed 15252K, reserved 1048576K
Event: 4290.836 GC heap after
Heap after GC invocations=66 (full 4):
 PSYoungGen      total 69632K, used 7561K [0x00000000eab00000, 0x00000000efe80000, 0x0000000100000000)
  eden space 58880K, 0% used [0x00000000eab00000,0x00000000eab00000,0x00000000ee480000)
  from space 10752K, 70% used [0x00000000ef400000,0x00000000efb62710,0x00000000efe80000)
  to   space 13312K, 0% used [0x00000000ee480000,0x00000000ee480000,0x00000000ef180000)
 ParOldGen       total 97280K, used 91196K [0x00000000c0000000, 0x00000000c5f00000, 0x00000000eab00000)
  object space 97280K, 93% used [0x00000000c0000000,0x00000000c590f3d8,0x00000000c5f00000)
 Metaspace       used 100336K, capacity 110694K, committed 110996K, reserved 1144832K
  class space    used 12204K, capacity 15214K, committed 15252K, reserved 1048576K
}

